3 0 136 142
6 1 2 3 4 20 181
3 5 6 939
5 7 8 59 224 5672
4 9 144 557 1038
4 10 12 170 247
4 11 13 231 626
4 14 18 263 976
5 15 16 70 295 1134
5 17 25 31 321 464
9 19 21 22 27 33 56 298 616 1150
6 23 58 82 325 465 3569
9 24 26 34 36 49 86 327 1006 2508
4 28 38 60 89
10 29 30 37 42 44 51 107 329 343 1212
8 32 39 43 54 108 391 1019 1410
10 35 40 45 62 68 111 234 392 1139 6870
8 41 46 50 63 73 131 398 1558
9 47 52 53 71 79 176 316 406 1300
12 48 55 57 64 65 72 75 99 188 424 638 1929
13 61 66 67 77 80 87 123 197 401 430 472 1247 2117
7 69 74 76 78 94 101 240
6 81 83 96 140 251 437
7 84 85 90 104 110 143 218
10 88 91 93 114 132 145 296 431 675 2163
9 92 97 103 116 124 148 302 590 1646
11 95 100 105 112 125 158 182 317 566 710 8022
11 98 102 106 122 139 160 167 204 360 722 3346
12 109 115 121 126 154 162 165 221 432 737 2208 8789
8 113 118 129 179 228 258 447 1009
7 117 119 120 130 133 134 180
10 127 137 149 185 191 259 443 757 1020 6111
10 128 138 151 155 192 236 301 707 1343 8850
11 135 141 153 195 205 229 383 587 759 1261 1378
11 146 147 163 171 198 237 246 308 455 795 1948
12 150 152 156 173 207 265 371 635 758 1210 1418 2813
6 157 159 174 685 1510 2658
9 161 175 183 220 269 314 535 994 2169
9 164 169 177 184 226 289 679 1001 1569
12 166 168 172 178 186 213 264 299 349 579 1226 2225
12 187 189 194 201 270 307 421 749 778 2055 4103 9326
14 190 193 196 214 217 287 323 436 729 790 906 1547 2273 9472
9 199 202 223 312 341 794 1254 2276 7223
13 200 208 215 216 227 291 324 390 540 770 998 3458 5586
11 203 250 335 336 407 410 491 662 796 1003 2627
11 206 210 230 232 253 337 345 427 598 805 3097
10 209 225 235 238 262 351 438 811 1304 4891
9 211 239 260 309 346 411 469 807 8377
10 212 233 331 358 362 602 690 980 1082 2509
11 219 241 242 305 340 373 429 488 818 2130 3204
6 222 243 334 389 828 1559
11 244 255 261 339 367 440 669 910 2441 2897 9476
10 245 249 256 288 393 452 637 840 1722 3618
11 248 252 257 347 404 413 480 623 762 962 2664
10 254 274 276 344 416 479 648 797 1055 3259
10 266 272 278 359 418 562 667 1084 1088 4662
11 267 275 279 322 426 522 650 702 1137 1887 3380
11 268 271 280 282 293 363 446 756 1141 1207 2530
11 273 277 281 283 333 441 460 555 763 1204 3021
10 284 285 356 370 451 466 597 783 831 1562
9 286 304 361 468 644 746 845 1293 1705
8 290 292 294 310 791 898 1318 3617
10 297 300 319 338 385 420 486 926 1306 2586
4 303 306 1087 2755
11 311 320 414 471 504 526 705 844 1093 1923 3883
8 313 342 357 449 478 532 792 1015
14 315 318 348 350 433 450 496 571 593 810 901 1052 1359 4538
14 326 330 352 366 456 503 564 725 755 900 1115 1653 2659 4243
10 328 332 353 384 505 573 822 1191 1230 2049
11 354 355 386 470 520 588 879 1060 1290 1805 3985
6 364 548 869 937 1312 1439
11 365 399 405 487 551 620 899 948 1823 2544 7049
10 368 500 521 569 630 913 1287 1472 2271 4124
10 369 387 434 525 570 603 712 1064 1677 2597
13 372 374 395 453 528 574 642 834 927 1147 1454 1718 2724
13 375 376 377 412 467 556 621 625 652 1014 1341 2770 4120
9 378 382 473 558 747 911 1095 1456 2848
10 379 490 495 577 631 944 1180 1701 3032 7441
9 380 402 510 591 651 955 1148 1758 2818
3 381 388 492
9 394 396 408 534 604 664 1043 1377 2134
11 397 463 501 512 539 628 764 1074 1573 3043 3969
7 400 403 425 484 515 605 766
11 409 415 454 517 547 609 781 804 1118 2691 8069
14 417 422 444 509 518 545 632 653 788 1077 1327 2203 4186 5841
10 419 458 527 600 673 966 1120 1488 2019 2840
8 423 428 459 523 536 537 641 4622
6 435 461 538 589 647 835
7 439 462 543 619 654 706 1022
13 442 475 485 544 561 634 717 932 1133 1195 1614 2845 5571
14 445 448 494 516 575 663 668 681 785 1028 1202 1301 1579 3289
11 457 507 508 576 676 721 860 1059 1234 1522 2983
5 474 476 1962 3402 5244
9 477 481 497 514 550 581 687 861 1114
12 482 483 524 592 682 743 750 1021 1278 1576 1931 4846
14 489 493 506 531 542 582 684 745 765 919 1128 1288 1602 3120
11 498 529 546 586 594 727 784 1086 1295 1652 3643
5 499 618 686 703 820
14 502 552 553 612 693 827 848 971 1149 1514 1841 3069 3286 7058
11 511 560 599 613 760 829 882 1158 1350 1642 3631
11 513 559 584 614 723 891 1129 1570 2090 2618 5173
15 519 530 572 578 624 701 735 838 885 1112 1403 1599 1909 3279 6479
7 533 595 639 731 752 915 1190
10 541 554 565 596 617 629 670 728 738 773
11 549 567 601 607 659 678 694 748 858 925 1018
12 563 636 683 771 787 960 1144 1425 1826 2227 3386 8217
15 568 580 608 611 643 680 786 814 903 981 1173 1408 2200 2322 3528
10 583 615 633 688 798 1044 1419 1473 2243 3313
17 585 627 640 645 649 689 732 801 824 868 931 1070 1231 1497 1865 2410 3880
14 606 610 646 674 692 733 803 878 995 1452 1892 2862 3812 4955
12 622 655 657 695 806 813 1039 1184 1479 2280 3064 4592
12 656 660 691 698 812 888 988 1085 1536 1939 3562 7173
15 658 661 665 671 704 711 714 815 904 1076 1213 1544 2286 3110 3737
9 666 724 742 884 1122 1219 1581 1951 3478
15 672 696 697 708 715 736 841 850 1032 1063 1127 1279 1585 1699 3588
13 677 699 709 716 740 809 851 917 1080 1225 1586 2964 3619
5 700 718 744 870 923
7 713 720 751 754 836 941 978
10 719 753 774 855 954 1091 1185 1427 3589 5543
13 726 730 761 767 776 875 1007 1161 1336 1633 3480 4268 9536
15 734 739 772 777 800 859 963 1017 1036 1126 1303 1898 2540 3857 5501
11 741 775 779 863 905 1099 1242 1367 1958 2922 5108
13 768 780 793 877 968 1049 1153 1398 1683 1972 2449 3664 8131
10 769 782 799 887 972 1083 1172 1356 2032 4145
13 789 802 808 866 914 973 1089 1241 1374 1641 2073 3218 3825
10 816 909 940 1103 1280 1669 1961 3107 3586 5606
11 817 819 928 974 1092 1108 1467 1731 2138 3514 5020
6 821 833 889 964 1056 1284
8 823 826 847 852 943 2408 4156 8921
12 825 830 843 857 894 983 1107 1216 1680 1966 2238 3408
9 832 862 916 996 1156 1334 1751 3749 7404
12 837 839 853 865 912 970 1025 1157 1285 1983 3347 5723
11 842 846 867 880 985 1162 1354 1698 2100 3690 5370
6 849 872 1482 1809 2172 6185
8 854 871 890 918 997 1011 1174 1344
13 856 876 893 924 999 1033 1205 1362 1594 2113 2185 2609 5538
10 864 881 883 936 958 1053 1131 1495 2007 5665
2 873 1000
11 874 886 897 946 1026 1151 1244 1366 1619 2221 3723
14 892 895 921 929 991 1035 1155 1270 1379 1658 2152 2839 3994 6494
8 896 930 934 947 1027 2312 3724 4241
12 902 907 938 1029 1057 1124 1258 1490 1969 2411 4865 9430
10 908 1031 1068 1196 1347 1507 1600 1847 2677 6221
12 920 922 949 953 1034 1163 1214 1360 1549 1636 2224 2463
12 933 942 959 1041 1094 1238 1390 1952 2170 2289 4013 6063
9 935 952 987 1012 1037 1380 1663 2457 3755
10 945 950 967 1042 1119 1333 1481 2157 2300 4292
13 951 969 1045 1047 1164 1243 1404 1552 1617 2103 2210 2329 3850
13 956 979 1050 1136 1165 1183 1274 1445 1645 2287 2773 4987 8301
14 957 965 977 990 1004 1058 1167 1249 1426 1938 2326 2864 4047 8543
14 961 975 982 993 1008 1065 1171 1237 1268 1437 1662 1837 2376 4042
6 984 1016 1072 1265 1385 1545
8 986 1023 1517 1665 2211 2608 4091 8054
9 989 992 1048 1061 1582 2252 2253 3012 4158
10 1002 1073 1116 1187 1397 1478 2145 2456 3975 8154
14 1005 1010 1046 1051 1071 1078 1224 1400 1484 1728 2277 2819 4319 8957
9 1013 1030 1062 1069 1075 1253 1298 1413 1546
6 1024 1054 1067 2516 4338 6342
13 1040 1079 1081 1096 1123 1125 1262 1329 1442 2193 2610 3284 4374
12 1066 1090 1098 1130 1229 1401 1483 1726 2321 3093 3892 7093
11 1097 1100 1101 1104 1132 1321 1462 1802 2423 3185 4725
5 1102 1109 1117 1140 4177
11 1105 1106 1110 1145 1316 1506 1812 2196 3134 5398 7252
8 1111 1143 1520 1739 2133 2926 4348 5629
11 1113 1121 1146 1440 1575 1801 1903 2337 4553 5253 9796
8 1135 1361 1526 1788 2161 2492 3929 7795
12 1138 1142 1152 1154 1340 1351 1405 1540 1813 2656 4127 8700
1 1159
10 1160 1176 1217 1291 1358 1542 2219 2554 2794 4432
9 1166 1235 1370 1434 1556 1825 2259 2814 4716
10 1168 1188 1236 1373 1432 1577 1848 2298 4018 4750
12 1169 1179 1199 1266 1375 1498 1571 1868 2421 3500 4803 5859
12 1170 1175 1181 1193 1255 1275 1289 1574 1849 2592 3255 4799
10 1177 1182 1197 1277 1388 1607 1899 2606 3229 4929
12 1178 1189 1198 1283 1371 1451 1608 1808 2623 3518 4133 6260
10 1186 1203 1286 1477 1616 1675 1935 2786 3535 5697
8 1192 1744 1881 1991 2679 3543 3984 5063
10 1194 1211 1248 1296 1409 1659 2013 2502 5125 6467
13 1200 1201 1220 1264 1307 1382 1457 1661 1694 2094 2594 2698 5174
11 1206 1308 1357 1423 1708 2046 2521 2598 2880 4277 5225
10 1208 1416 1446 1615 1759 2307 2583 3264 5029 7036
9 1209 1215 1246 1795 2361 2821 3335 4160 7472
12 1218 1222 1232 1257 1310 1449 1505 1703 1940 2940 4311 5504
12 1221 1239 1259 1314 1463 1548 1648 1793 2064 2847 4350 5415
10 1223 1245 1250 1271 1317 1322 1554 1798 2080 2669
10 1227 1233 1256 1282 1320 1444 1578 1691 1954 2448
15 1228 1240 1263 1292 1328 1342 1596 1704 1877 2310 2683 3400 4790 5720 8350
13 1251 1252 1281 1297 1337 1345 1469 1621 1712 1893 2806 4606 5953
11 1260 1294 1299 1383 1485 1657 1878 2458 2843 3111 8147
3 1267 1302 1339
11 1269 1272 1309 1368 1387 1486 1678 1713 2593 3887 9380
13 1273 1276 1311 1330 1389 1394 1493 1610 1915 2301 2671 2961 3620
10 1305 1313 1319 1858 2067 2628 2730 3591 5682 7986
13 1315 1323 1324 1325 1348 1395 1450 1533 1742 2014 2474 3559 6453
11 1326 1331 1338 1396 1435 1502 1623 1928 2098 2697 4281
13 1332 1346 1364 1402 1535 1730 1754 2114 2833 3378 3712 5273 9329
4 1335 1349 1376 6016
14 1352 1391 1392 1420 1468 1566 1611 1732 1987 2391 2703 3126 3679 6439
13 1353 1355 1393 1424 1516 1567 1618 1737 2070 3041 3172 3858 5631
9 1363 1365 1411 1606 1687 1760 2096 3014 4320
10 1369 1417 1471 1538 1764 2165 2767 3611 6288 9916
8 1372 1381 1936 2318 2908 3522 3656 5944
12 1384 1386 1412 1428 1513 1632 1766 2251 3035 3405 3860 6113
4 1399 3046 4951 6127
11 1406 1415 1431 1501 1572 1673 1895 2339 2836 3791 5646
12 1407 1421 1422 1448 1519 1650 1765 2136 2764 3042 4911 6997
11 1414 1429 1461 1499 1604 1706 2353 3080 3719 6271 6613
9 1430 1433 1534 1622 1717 1807 1927 2491 3288
11 1436 1464 1525 1696 1811 2005 2460 2905 3665 5265 7825
11 1438 1441 1455 1466 1551 1672 1821 2877 3238 3903 8618
3 1443 1470 1555
11 1447 1453 1504 1590 1654 1829 2182 2564 2914 3688 7161
7 1458 1541 1591 1597 1707 1917 1998
10 1459 1592 1629 1671 1816 2002 2435 2998 5280 6919
12 1460 1475 1539 1624 1666 2001 2372 2550 3780 3928 5179 8582
5 1465 1476 1568 1626 8019
14 1474 1480 1598 1649 1711 2028 2069 2446 2490 2993 3781 4185 5390 8874
12 1487 1531 1656 1668 1719 1775 2066 2188 2604 3113 3838 5293
13 1489 1491 1494 1532 1612 1670 1950 2050 2266 2689 3652 4057 5471
12 1492 1496 1521 1561 1682 1916 2083 2629 3184 3718 5230 8710
12 1500 1509 1584 1681 1690 1763 2223 2734 3095 3390 5046 8122
11 1503 1511 1589 1603 1702 1740 1780 2092 2450 3028 6170
13 1508 1523 1638 1714 1727 1769 1894 2194 2827 3304 4296 5547 7641
11 1512 1518 1529 1836 1971 2120 2262 2985 3369 3741 5821
13 1515 1524 1537 1639 1720 1749 1957 2249 2886 3224 3848 6458 7700
12 1527 1550 1553 1679 1736 1750 1828 1919 2302 3180 4040 7111
14 1528 1530 1557 1565 1595 1688 1743 1839 2018 2131 2643 3327 4332 8171
11 1543 1563 1643 1695 2058 2349 3002 3417 3853 5592 6191
14 1560 1564 1583 1692 1741 1770 1851 2022 2369 2472 2888 3571 4446 6060
13 1580 1587 1620 1709 1761 1782 1856 2029 2146 2488 2976 3310 4069
13 1588 1601 1613 1644 1715 1753 1789 2379 3003 3520 4049 5458 7115
14 1593 1627 1631 1660 1747 1786 1890 2071 2637 3274 3529 4451 5318 8331
17 1605 1625 1628 1647 1676 1748 1767 1796 1806 1975 2168 2588 2815 3687 5508 7783 9677
13 1609 1634 1700 1752 1756 1824 1925 2258 2822 3641 4479 6507 8210
16 1630 1635 1640 1667 1710 1771 1781 1853 2097 2195 2392 2823 3298 5449 6748 8535
13 1637 1655 1686 1716 1772 1906 2101 2363 2503 3128 3677 4490 8527
15 1651 1684 1693 1721 1774 1783 1857 1941 2038 2347 2746 2946 3863 5408 7375
14 1664 1674 1685 1725 1787 1814 1827 1996 2201 2529 3265 4506 6257 9117
10 1689 1723 1733 1738 1785 2704 3140 3836 4683 6152
13 1697 1729 1745 1779 1791 1818 1990 2127 2562 2747 4140 5790 9532
14 1724 1734 1746 1790 1819 1854 2081 2306 2574 3260 3343 3965 5848 9573
10 1735 1755 1768 1800 1832 1885 2010 2149 2202 2709
14 1757 1762 1799 1810 1822 1850 1889 2111 2624 3250 3871 3987 4695 6721
3 1773 1777 1817
12 1776 1778 1901 2012 2232 2625 3287 3349 4203 4522 4909 6350
12 1784 1792 1820 1834 1918 2003 2328 2705 2716 3422 4295 5334
12 1794 1797 1831 1870 1920 1965 2124 2707 2775 3106 3742 5857
9 1803 1840 1882 2027 2427 2725 3388 4568 7467
12 1804 1835 1842 1932 2030 2226 2647 2798 3441 4273 5476 7460
4 1815 1830 1844 6795
6 1833 1838 1843 1845 1846 1855
10 1852 1859 1861 1914 1945 2155 2726 3533 4531 5376
13 1860 1862 1871 1905 1926 2047 2255 2743 2878 3576 3931 4476 9517
14 1863 1864 1876 1933 2085 2317 2638 2807 2879 3923 4393 4897 5666 7937
12 1866 1869 1872 1897 1953 1974 2091 2723 2830 3792 4844 9766
7 1867 1873 1875 1956 5436 5939 8163
5 1874 1911 1964 2004 2265
2 1879 1880
11 1883 1884 1891 1976 2158 2342 2865 4149 4883 6210 8480
7 1886 1896 1907 1982 2088 2481 3870
13 1888 1902 1912 1921 1989 2150 2183 2483 2853 2925 3612 4778 6559
8 1900 1904 1910 1922 3460 3671 4220 6603
15 1908 1913 1924 1967 1988 2017 2102 2331 2692 3275 3734 4079 5474 6750 8414
6 1930 1999 2162 2779 3252 5891
9 1934 2016 2222 2579 2759 3627 4126 5057 7533
9 1937 1946 2039 2093 2199 2569 2812 4904 7601
4 1942 1944 2062 2177
12 1943 1960 1980 2068 2214 2469 2744 3415 3787 4267 5714 8556
8 1947 2021 2084 2215 2303 2475 2870 3638
11 1949 1968 1979 2024 2087 2236 2428 2902 3715 4157 5819
7 1955 1963 1981 2051 2099 4339 7766
13 1959 1985 2023 2034 2129 2239 2575 2962 3626 3676 4554 5865 8178
14 1970 2000 2011 2025 2042 2109 2148 2257 2650 2849 3486 3637 4962 8098
11 1973 2078 2142 2263 2380 2795 3488 3681 4424 5854 8120
11 1977 2035 2037 2159 2186 2267 2487 2970 3945 4641 7733
15 1978 1984 1986 2033 2040 2063 2190 2242 2367 2533 2929 3254 3702 5058 6650
16 1992 1993 1994 2041 2043 2052 2116 2197 2282 2484 2824 3015 3762 4649 6364 8113
10 1995 1997 2044 2045 2048 2089 2139 2254 2371 2620
3 2006 2031 2053
15 2008 2026 2036 2054 2082 2137 2175 2256 2295 2727 3033 3492 4197 5758 9227
10 2009 2020 2056 2057 2144 2269 3040 3644 4286 7182
13 2015 2059 2065 2104 2153 2274 2283 2750 3037 3633 4723 5876 8375
12 2060 2072 2086 2151 2189 2285 2387 2855 3797 5047 5931 8847
12 2061 2074 2075 2125 2279 2336 2403 2666 3020 3819 5150 5900
11 2076 2095 2141 2154 2237 2454 2968 3727 3971 4305 5637
12 2077 2105 2107 2204 2334 2510 3604 3898 4729 4731 5232 8087
12 2079 2108 2179 2205 2294 2378 2416 3056 4041 4189 4927 6241
11 2106 2110 2191 2311 2381 2792 3683 3983 4741 6242 9673
11 2112 2115 2213 2350 2489 2891 3143 4134 5159 6266 7527
14 2118 2119 2121 2218 2231 2351 2459 2803 3063 3886 4324 5434 6492 8740
9 2122 2244 2354 2476 3175 3698 4054 5312 7713
15 2123 2126 2156 2228 2268 2299 2365 2419 2761 3084 3872 4077 5361 6789 8185
10 2128 2206 2284 2420 2471 2987 3322 4364 5988 8870
13 2132 2140 2160 2164 2281 2308 2800 3048 3464 3978 4242 5855 7393
14 2135 2143 2167 2171 2229 2325 2348 2466 3034 3162 3942 4823 6931 9172
14 2147 2173 2234 2319 2340 2389 2493 2953 3240 3837 4162 5446 7131 9131
11 2166 2174 2241 2341 2358 2405 2811 3703 4308 5455 7714
7 2176 2826 3100 3914 4257 5798 6819
8 2178 2184 2309 2344 2433 2496 3094 3207
12 2180 2187 2192 2332 2396 2451 2514 3166 4083 4310 5923 7011
13 2181 2220 2272 2345 2364 2494 2542 2932 3071 4226 4540 6087 9304
14 2198 2207 2240 2246 2390 2398 2499 3109 3189 3745 4445 4779 7133 9281
10 2209 2248 2375 2413 2517 3019 3179 4172 6073 8337
8 2212 3192 3248 3950 4315 5055 7002 8453
14 2216 2217 2260 2264 2400 2414 2500 2572 3219 3922 4383 4759 6533 7459
11 2230 2235 2270 2359 2447 2553 3096 3273 3957 4820 7758
6 2233 2245 2250 2275 2315 2430
6 2247 2261 2288 4337 6585 8057
12 2278 2290 2366 2431 2549 3243 3744 3995 4570 5494 7586 9915
4 2291 2346 5294 9334
11 2292 2370 2443 2485 2616 3118 3280 4399 4611 6052 7146
12 2293 2304 2330 2383 2437 2462 2674 2890 3302 4061 4735 6405
5 2296 2305 2314 2373 2445
9 2297 2444 2478 2522 2668 3268 4052 6595 9354
7 2313 2320 2393 2438 2486 5661 7731
12 2316 2323 2343 2452 2524 2701 3226 3600 4161 4354 5977 8517
10 2324 2333 2355 2374 2461 2555 2699 3087 3309 3705
8 2327 2335 2338 2360 2397 2417 2501 2528
15 2352 2362 2402 2506 2545 2655 3023 3348 3814 4129 4231 5388 6664 7824 8947
12 2356 2357 2368 2439 2552 2617 3089 3350 4180 4697 6258 8862
15 2377 2407 2479 2504 2560 2646 2801 3177 3766 4408 4841 5874 7123 8941 9906
12 2382 2385 2388 2468 2532 2563 2582 3206 3868 5077 6433 8594
4 2384 2584 2778 3367
14 2386 2395 2467 2498 2567 2676 3131 3876 4179 4269 4785 6434 7335 9970
5 2394 2412 4363 4752 6518
13 2399 2404 2513 2526 2580 2587 2860 3357 3423 4230 4905 6080 8001
11 2401 2406 2534 2535 2590 2672 3153 3456 4132 4390 9638
10 2409 2415 2546 2615 3407 4375 4795 4976 6881 8044
5 2418 3932 4418 5647 7017
13 2422 2425 2434 2453 2557 2595 2611 2619 3504 4303 4996 7001 8898
13 2424 2426 2440 2464 2477 2561 2644 2662 2820 3297 4463 4886 6840
14 2429 2436 2442 2473 2525 2596 2632 2678 3303 4181 5342 6853 8690 9776
9 2432 2455 2470 2505 2541 4199 4519 4901 6917
12 2465 2480 2548 2599 2634 2687 2858 3653 4261 5413 6246 7410
13 2482 2515 2601 2614 2682 2872 3548 4392 4918 6088 7311 8980 9374
13 2495 2527 2565 2607 2631 2685 2816 3183 3720 4458 4510 5616 7356
11 2497 2543 2547 2621 2684 2688 2889 3835 4700 5443 7881
10 2507 2511 2518 2551 2558 2622 2633 2700 2708 2951
8 2512 2537 2556 2636 2712 2752 3301 3861
14 2519 2520 2539 2568 2670 2719 2728 3125 3882 4474 4728 5817 7042 9990
12 2523 2570 2578 2612 2694 2733 3059 3324 4813 5202 7138 7789
14 2531 2536 2566 2577 2585 2602 2630 2721 2763 3427 4288 4691 5760 6994
2 2538 2573
3 2559 2589 2591
14 2571 2576 2600 2613 2640 2645 2739 3132 3800 4391 4769 5395 5545 8123
9 2581 2710 2832 3306 3581 3964 5485 8674 9860
10 2603 2605 2635 2648 2713 2749 2868 3272 5581 6465
12 2626 2639 2652 2715 2757 2918 3479 3899 4516 5737 7289 9770
15 2641 2642 2651 2661 2667 2680 2729 2768 2772 3164 3363 4275 4977 7303 8490
12 2649 2653 2675 2722 2756 2785 2871 3187 4484 4968 5652 9176
12 2654 2693 2762 2789 2873 3144 3209 4380 4702 5011 6978 8770
2 2657 2660
11 2663 2665 2702 2737 2777 3006 3440 4005 5044 5973 8519
9 2673 2740 2793 2974 3472 4174 5003 5825 8718
5 2681 2686 2696 2753 2758
11 2690 2706 2765 2876 3217 3558 4413 5051 5591 6294 9311
12 2695 2711 2717 2760 2805 2894 3716 4010 4791 5065 6093 9545
5 2714 2718 4811 7537 9558
13 2720 2731 2732 2766 2808 2834 2895 3171 3658 3803 4434 4808 5604
3 2735 2736 5653
12 2738 2741 2769 2837 2892 2911 3318 3678 4283 4861 5239 6644
13 2742 2745 2796 2850 2903 2965 3151 3695 4284 4563 5204 5536 8106
7 2748 2751 2971 3312 4530 6151 7772
8 2754 2797 2804 2851 3081 3911 4508 5147
9 2771 2790 2829 2844 2913 3344 3515 4995 5254
13 2774 2776 2809 2835 2854 2936 2988 3355 3552 4896 5148 6051 8119
15 2780 2781 2802 2841 2859 2943 2980 3383 3467 3941 4509 4610 5311 6212 9827
12 2782 2787 2810 2846 2861 2991 3001 3728 4908 5198 7424 8552
6 2783 2799 2817 2842 2863 2939
8 2784 2825 2831 2866 4287 4556 5362 6481
4 2788 2852 2874 2887
11 2791 2856 2857 2882 2947 2995 3060 3733 5024 5896 9097
14 2828 2838 2867 2901 2923 2996 3000 3223 3831 3944 4401 5269 5659 7943
11 2869 2875 2909 2945 2950 3004 3517 3864 4998 5563 8808
12 2881 2884 2893 2955 3010 3018 3485 3934 4551 5224 6118 8424
11 2883 2885 2931 2956 3013 3198 3889 4545 5130 6546 8008
9 2896 2898 2933 3061 3726 4037 4313 4633 5296
11 2899 2900 2906 2910 2959 3016 3074 3431 4108 4753 6365
12 2904 2907 2960 3076 3365 3834 3937 4367 4780 5368 6384 9635
14 2912 2915 2916 2919 2921 2935 3009 3078 3091 4022 5209 5596 7649 9700
11 2917 2924 2938 2978 3136 3497 3954 4412 5439 6147 8654
11 2920 2927 2930 2948 2990 3158 3810 4596 4743 5404 9811
11 2928 2934 2937 2958 2994 3195 3246 4431 5252 5551 7235
15 2941 2942 2952 2954 3007 3011 3214 3382 3768 3933 4095 5048 5718 8327 9753
9 2944 2966 3027 3296 3996 4504 5131 5407 5533
15 2949 2957 2967 2969 3031 3045 3152 3244 3320 4193 4616 5435 5623 7112 8884
11 2963 2972 3039 3052 3332 3642 4151 4444 5095 5889 8374
4 2973 2977 3053 3088
11 2975 2979 2989 3065 3142 3337 4131 4416 5138 7151 8396
8 2981 3070 3072 3283 3385 3890 5460 6676
12 2982 3044 3077 3101 3336 3401 3668 4183 5162 5499 6461 8939
13 2984 3075 3115 3130 3342 3634 4215 4422 5242 5599 7281 8308 9834
14 2986 2992 2997 3062 3079 3139 3262 3361 3563 4229 4542 5731 6569 9396
9 2999 3085 3121 3123 3161 4253 4668 5248 6470
7 3005 3017 3036 3082 3086 4580 6514
13 3008 3022 3038 3098 3127 3141 3234 3481 3771 4294 4967 5735 6158
10 3024 3026 3057 3099 3135 3178 3516 4928 5431 6911
12 3025 3029 3047 3102 3133 3137 3237 3353 3412 3706 4178 4417
12 3030 3050 3051 3117 3145 3506 3998 4466 4760 5322 6635 8430
11 3049 3054 3122 3150 3330 3649 4271 4298 5251 5753 8319
