6 0 1 6 12 24 63
9 2 3 5 7 10 20 31 75 592
8 4 8 11 18 37 41 85 3227
9 9 14 17 19 25 44 47 98 647
10 13 15 21 28 29 50 65 119 124 519
10 16 22 30 46 77 103 120 126 233 694
11 23 26 32 48 52 72 79 145 202 582 4087
14 27 33 36 38 39 55 56 88 105 127 166 212 411 1445
16 34 35 43 51 54 57 64 97 104 113 121 172 224 419 1199 2107
12 40 53 58 66 100 114 149 181 192 265 470 1289
16 42 49 59 67 71 86 101 118 137 186 196 205 277 531 2388 7264
21 45 60 62 70 76 92 95 96 112 122 129 142 195 197 218 240 282 283 447 960 7414
17 61 73 74 83 84 99 131 136 146 217 235 253 287 341 496 722 9604
13 68 69 80 87 109 125 139 206 251 321 362 697 2423
18 78 81 91 93 106 110 115 133 143 148 151 160 262 340 371 503 537 969
14 82 107 111 116 153 154 155 242 267 312 344 368 511 973
14 89 117 123 157 162 284 298 316 374 378 448 518 711 1766
18 90 108 130 132 134 135 140 165 269 293 296 349 390 561 655 819 2103 9895
14 94 128 141 161 169 176 315 351 396 451 696 764 849 1154
20 102 144 147 150 168 178 179 201 317 372 399 415 427 453 467 578 825 900 1921 3232
17 138 158 163 164 174 180 244 246 329 366 426 491 788 824 977 1635 2451
18 152 159 167 173 177 183 211 241 248 260 346 423 439 501 637 836 1099 1648
16 156 170 171 184 189 193 226 268 272 364 441 480 556 845 1177 2084
20 175 182 185 190 194 198 210 214 222 247 279 401 442 486 497 574 869 1185 2254 5255
19 187 188 199 213 234 254 255 285 307 342 410 455 509 575 769 870 1212 1363 4361
23 191 200 203 223 225 231 245 263 299 302 325 326 347 433 459 464 516 587 936 946 1235 1298 2894
15 204 228 249 264 297 303 348 458 485 517 617 950 1268 1508 3399
18 207 208 209 219 237 270 324 355 438 469 506 543 547 624 966 1315 1596 3082
20 215 216 230 239 259 274 335 354 370 454 488 520 566 573 677 852 953 1001 1397 3767
23 220 243 257 258 278 318 379 381 398 424 463 495 542 581 638 796 937 1027 1106 1367 1627 2149 6575
21 221 236 250 252 290 292 305 361 386 440 483 562 579 607 616 806 951 1136 1551 1637 2436
23 227 229 232 261 300 322 331 337 367 388 414 444 490 508 549 614 621 882 1079 1150 1350 1651 4329
22 238 266 301 334 339 369 407 461 478 500 535 622 632 634 641 990 1071 1184 1345 1665 1864 2288
24 256 273 289 308 310 345 376 418 471 481 524 591 640 651 717 749 940 1010 1211 1399 1653 1778 2338 5107
21 271 291 294 311 313 353 359 382 449 505 538 599 652 731 1015 1105 1255 1313 1690 1793 3595
26 275 276 304 319 323 332 384 387 406 475 492 507 536 608 657 661 692 730 1022 1270 1323 1484 1738 1773 2497 5885
24 280 281 309 320 356 360 394 412 494 583 631 658 668 695 714 843 1288 1295 1327 1503 1791 1868 3143 4901
22 286 288 338 343 358 373 403 428 512 514 588 646 672 699 735 737 860 1369 1473 1851 1911 2507
22 295 314 336 350 357 363 391 430 522 595 705 707 708 732 787 891 1385 1522 1954 1990 2367 2518
20 306 328 365 380 392 452 510 533 611 613 712 752 754 818 1115 1263 1464 1533 1993 2980
28 327 330 375 383 400 413 521 527 539 557 585 618 650 723 783 808 814 859 1119 1361 1446 1540 1739 1946 2155 2659 3116 6627
22 333 352 385 409 465 525 529 559 604 633 649 725 757 809 892 1316 1428 1550 1559 2007 2480 6051
26 377 393 402 420 431 472 532 545 564 568 623 635 645 716 727 765 821 826 856 1227 1486 1607 1638 2016 2217 4644
21 389 395 397 425 468 546 567 580 639 669 728 770 823 857 889 1266 1601 1672 2134 2494 3708
22 404 408 435 437 560 584 600 628 693 733 742 748 767 828 894 1279 1333 1615 1678 2157 2611 4131
31 405 416 421 443 456 484 530 550 569 603 643 700 744 759 761 776 786 876 932 948 1281 1305 1393 1634 1655 1697 2267 2504 3748 4300 6091
20 417 422 466 499 565 594 609 664 713 755 763 797 880 978 1396 1727 2213 2296 2681 7527
22 429 432 473 541 576 615 636 673 751 756 772 827 885 897 898 983 1181 1629 1801 1875 2406 2994
23 434 489 513 597 620 642 680 758 762 774 864 867 890 942 1209 1509 1705 1891 1928 2386 2528 2678 3810
26 436 446 460 462 504 572 619 644 683 729 775 801 807 921 963 1005 1108 1237 1404 1820 1916 1991 2249 2565 3517 4347
29 445 450 477 515 590 630 648 686 709 710 782 802 803 812 829 935 945 988 1017 1254 1474 1765 1967 2031 2215 2561 2582 3006 3818
28 457 479 540 555 662 670 715 741 777 815 830 840 847 853 959 1018 1031 1061 1287 1543 1881 2008 2059 2456 2587 3107 3952 6148
29 474 487 571 589 606 674 685 718 778 781 805 831 834 842 875 913 1008 1019 1086 1112 1347 1378 1762 2041 2075 2493 2623 4171 8311
26 476 498 593 605 610 679 689 734 753 798 799 838 884 905 944 1041 1110 1183 1277 1449 1798 2067 2099 2530 2630 5517
26 482 502 627 675 720 789 790 822 832 844 887 912 923 967 1026 1072 1129 1337 1470 1626 1937 1943 2119 2349 2661 4188
29 493 523 528 598 629 682 690 739 833 855 861 895 903 904 976 1065 1077 1107 1297 1374 1518 1939 2088 2123 2380 2532 2668 2791 5193
26 526 534 544 653 703 743 848 858 863 866 917 938 955 985 992 1075 1078 1153 1311 1375 1800 1975 2143 2431 2719 4331
27 548 563 659 663 678 704 745 793 865 877 914 920 958 999 1006 1090 1155 1318 1454 1947 2054 2189 2371 2585 2783 4576 7649
30 551 667 676 684 740 760 794 841 868 872 907 909 918 947 981 1013 1043 1157 1162 1328 1479 1576 1958 2105 2268 2291 2556 2810 3386 6090
30 552 665 706 738 771 800 871 878 911 916 922 965 982 1033 1058 1116 1159 1200 1202 1331 1443 1527 1538 1682 1981 2273 2620 2804 3048 4964
27 553 702 721 784 792 851 881 924 984 1047 1073 1084 1208 1232 1372 1500 1546 1580 1815 2093 2275 2306 2481 2781 2809 3021 5453
24 554 736 768 883 886 933 954 989 998 1050 1087 1180 1251 1274 1447 1594 2094 2329 2400 2594 2879 3071 4539 6207
28 558 596 656 747 779 785 791 888 893 972 986 1029 1052 1057 1088 1101 1234 1362 1481 1583 1714 2170 2345 2467 2901 3080 3375 5666
30 570 612 687 780 795 813 901 925 991 997 1044 1046 1054 1117 1156 1164 1284 1355 1381 1497 1633 1685 1728 2203 2308 2357 2444 2634 3436 9346
34 577 625 698 810 817 837 899 902 974 995 1000 1003 1056 1063 1114 1161 1190 1230 1324 1455 1501 1586 1669 1686 1812 2311 2385 2441 2670 2786 2952 3531 4659 6422
26 586 601 626 850 873 908 926 987 1002 1034 1068 1122 1169 1195 1201 1296 1388 1506 1716 2095 2448 2487 2807 2936 3634 4678
29 602 688 726 854 879 919 927 943 1011 1023 1070 1173 1213 1246 1252 1273 1332 1478 1514 1628 1718 1786 2211 2501 2516 2814 2956 3504 4275
32 654 766 874 896 906 930 939 980 1007 1039 1045 1085 1091 1094 1216 1334 1432 1475 1529 1731 1790 1957 2264 2505 2544 2789 2829 2957 3554 4789 4916 6491
32 660 773 910 928 931 941 975 1020 1069 1097 1102 1103 1137 1221 1224 1265 1291 1335 1343 1528 1570 1811 1834 2478 2510 2514 2616 2850 3059 3570 5211 9600
28 666 804 811 915 949 956 1012 1028 1032 1082 1092 1126 1135 1225 1231 1286 1356 1438 1646 1841 1951 2214 2523 2716 2925 3188 3642 6014
26 671 816 952 964 1064 1074 1128 1142 1240 1338 1357 1617 1658 1857 1930 2104 2248 2537 2572 2737 2895 2968 3159 3808 4915 6172
33 681 724 750 839 961 970 996 1081 1089 1096 1104 1144 1145 1171 1272 1336 1366 1379 1384 1663 1687 1869 1995 2046 2398 2498 2571 2848 2915 3038 3444 3876 5723
24 691 746 846 968 971 1004 1083 1146 1341 1394 1463 1534 1782 1874 2257 2567 2703 2828 2881 2969 3285 4014 4184 5921
22 701 862 979 1009 1098 1118 1147 1170 1346 1400 1476 1513 1699 1877 2261 2627 2706 2902 3062 3334 4625 6065
28 719 929 994 1014 1016 1042 1120 1158 1163 1176 1188 1308 1351 1426 1510 1605 1827 1878 2269 2709 2712 2907 2985 3106 3529 4712 4821 6479
29 820 957 1021 1024 1025 1055 1121 1166 1172 1223 1353 1376 1450 1471 1561 1696 1703 1900 1978 2393 2533 2718 2749 2911 3008 3403 4364 4977 5823
29 835 934 1030 1036 1049 1076 1127 1132 1168 1182 1214 1249 1382 1383 1403 1480 1569 1755 1814 1912 1974 2063 2422 2776 3024 3305 3422 4747 5738
31 962 1035 1037 1053 1093 1149 1189 1206 1244 1261 1358 1391 1495 1502 1563 1649 1722 1843 1953 1997 2197 2559 2691 2779 2904 3030 3381 3472 4063 5033 6202
32 993 1038 1040 1051 1059 1095 1151 1167 1193 1207 1215 1262 1294 1392 1416 1456 1523 1582 1775 1859 1966 2025 2177 2618 2819 2834 2959 3072 3202 3530 4594 6787
31 1048 1060 1066 1080 1131 1160 1174 1218 1226 1228 1280 1314 1409 1439 1469 1537 1565 1729 1902 1982 2065 2626 2731 2942 2999 3161 3366 3540 3555 5065 7207
30 1062 1067 1100 1123 1133 1194 1219 1233 1292 1303 1321 1352 1413 1488 1578 1591 1733 1922 1989 2072 2328 2844 3041 3057 3074 3580 4097 4871 5638 7234
31 1109 1113 1124 1138 1222 1242 1256 1309 1319 1401 1451 1453 1496 1511 1581 1619 1757 1844 1945 1979 2074 2079 2115 2862 3083 3218 3769 4111 4418 4978 6906
29 1111 1125 1139 1152 1165 1198 1245 1248 1290 1320 1406 1452 1457 1536 1584 1624 1901 1949 2089 2109 2250 2667 2866 3092 3101 3279 3829 4690 5208
32 1130 1140 1148 1175 1178 1203 1253 1259 1329 1371 1418 1458 1517 1567 1611 1625 1748 1984 1987 2002 2117 2282 2360 2721 2938 3120 3404 3633 3857 4875 5269 6576
32 1134 1143 1186 1192 1197 1217 1229 1238 1258 1269 1349 1389 1459 1461 1535 1571 1623 1656 1803 1992 2102 2160 2285 2376 2491 2885 3014 3138 3826 3870 5707 6614
35 1141 1187 1191 1196 1205 1210 1236 1243 1299 1301 1395 1405 1467 1482 1530 1598 1613 1640 1684 1823 1850 2023 2035 2159 2162 2294 2427 2927 3148 3349 3468 3868 3913 5273 6216
28 1179 1204 1220 1257 1282 1302 1304 1317 1402 1436 1483 1494 1606 1632 1652 1884 2073 2190 2284 2302 2638 2976 3168 3345 3645 3872 4037 5987
26 1239 1276 1300 1306 1307 1360 1444 1489 1498 1504 1616 1645 1702 1940 2081 2196 2199 2336 2383 2962 3173 3467 3901 4419 5320 6441
22 1241 1283 1310 1419 1460 1490 1507 1654 1710 1970 2127 2180 2210 2340 2405 2990 3197 3474 3918 5007 5392 6588
30 1247 1250 1264 1322 1326 1423 1435 1524 1544 1552 1673 1720 1743 2172 2240 2317 2374 2392 2454 2812 3015 3207 3308 3589 3956 4135 4235 5044 5486 7010
26 1260 1293 1340 1354 1370 1431 1493 1553 1636 1713 1732 1741 1806 2192 2222 2363 2434 2926 3157 3226 3719 3957 4254 4605 5690 6405
31 1267 1342 1411 1427 1516 1526 1548 1585 1621 1662 1664 1736 1763 1780 1903 2045 2277 2356 2421 2437 2732 2964 3196 3274 3289 3664 3970 4256 4635 5644 7326
30 1271 1275 1325 1344 1368 1420 1477 1545 1557 1618 1642 1667 1781 1845 2022 2347 2438 2443 2483 2953 3239 3311 3328 3522 4058 4339 4685 5240 5674 7456
28 1278 1373 1414 1433 1519 1564 1589 1650 1661 1706 1783 1789 1910 2112 2361 2377 2529 2545 2751 3214 3355 3421 4257 4268 4345 4771 6164 7502
31 1285 1380 1412 1440 1485 1532 1622 1630 1695 1701 1719 1819 1828 1848 1931 1955 2208 2366 2471 2476 2553 2694 3045 3354 3406 3652 4353 4526 5204 6017 6246
28 1312 1390 1430 1487 1525 1555 1643 1698 1721 1726 1832 1858 1941 2026 2131 2272 2449 2455 2503 2597 2778 3111 3451 3697 4354 4585 5561 6632
31 1330 1398 1441 1521 1541 1549 1647 1709 1742 1744 1771 1830 1840 1906 1950 2029 2164 2259 2458 2461 2566 2612 2896 3208 3457 3758 4502 5227 6121 6301 9577
32 1339 1407 1417 1429 1462 1542 1602 1668 1723 1747 1761 1774 1866 1876 1918 1973 2118 2344 2486 2575 2588 2796 3098 3547 3583 3816 4422 4540 4965 5410 6135 7162
31 1348 1410 1421 1448 1547 1603 1610 1671 1683 1688 1724 1796 1829 1838 1886 2047 2128 2271 2362 2515 2579 2729 2991 3237 3601 3840 4512 4708 5470 6511 7690
29 1359 1365 1422 1515 1592 1609 1676 1680 1708 1754 1847 1853 1887 2070 2246 2460 2490 2543 2619 2784 2884 3112 3450 3607 3931 4516 5284 6413 7364
30 1364 1442 1465 1562 1588 1593 1620 1692 1694 1799 1856 1894 1927 1977 2087 2402 2580 2605 2621 2655 2824 3081 3527 3649 3653 3958 4556 4767 6088 6804
32 1377 1424 1491 1499 1554 1575 1612 1657 1679 1749 1825 1870 1873 1963 2006 2034 2043 2113 2270 2473 2628 2669 2856 2883 3141 3588 3663 4461 4586 4923 5473 6835
30 1386 1415 1437 1505 1604 1674 1693 1837 1861 1867 1879 1885 2010 2015 2108 2133 2420 2596 2641 2764 2865 3066 3219 3614 3668 4548 4707 5562 6179 7021
33 1387 1468 1520 1558 1631 1639 1707 1725 1792 1849 1880 1892 2032 2060 2110 2173 2453 2650 2676 2773 2875 2905 3084 3351 3661 3710 3760 3962 4643 4714 4963 6055 7368
29 1408 1425 1531 1560 1600 1659 1677 1730 1852 1889 1905 2077 2111 2174 2592 2688 2880 2934 2978 3352 3687 3717 3734 3979 4674 4775 5836 6537 7417
33 1434 1466 1492 1556 1590 1597 1644 1681 1689 1735 1759 1797 1872 1899 1908 1914 2125 2130 2181 2307 2319 2598 2696 2733 2987 3369 3779 3985 4791 5042 5681 6596 7492
27 1472 1512 1608 1715 1740 1750 1767 1871 1915 1920 1929 1936 2151 2187 2200 2227 2602 2742 3002 3135 3459 3796 4237 4832 5418 7063 7577
30 1539 1614 1737 1760 1770 1777 1883 1919 1948 1968 2185 2193 2206 2224 2229 2625 2639 2750 2787 3022 3154 3163 3493 3859 3906 4552 4866 6133 6625 8385
28 1566 1568 1670 1675 1758 1784 1802 1897 1933 1952 2056 2114 2216 2299 2333 2662 2816 3023 3374 3424 3727 3936 4026 4197 4793 4881 5988 7341
31 1572 1573 1691 1700 1787 1804 1810 1934 1962 2082 2204 2219 2231 2321 2665 2827 2831 3032 3070 3224 3438 3510 3909 3959 4274 4590 4897 6038 6173 7272 8636
32 1574 1595 1704 1745 1794 1821 1839 1935 1972 2165 2171 2220 2225 2226 2245 2411 2488 2723 2861 2932 3053 3133 3257 3426 3729 3930 3993 4352 4940 5851 6279 7215
31 1577 1712 1751 1756 1776 1795 1836 1960 2004 2237 2256 2290 2327 2492 2684 2726 2871 2958 3087 3165 3447 3478 3752 3938 3988 4224 4683 4956 6480 6730 7796
32 1579 1599 1734 1746 1772 1854 1882 1895 1971 1986 1988 2014 2251 2287 2292 2379 2521 2754 2898 3017 3115 3200 3483 3559 3842 3940 4346 4518 4962 6546 7049 8618
31 1587 1660 1768 1779 1809 1855 1865 1888 1980 2011 2017 2235 2278 2309 2690 2941 2997 3000 3206 3221 3498 3706 3943 4228 4291 4380 4592 5002 5991 7134 8694
30 1641 1752 1805 1818 1822 1890 1898 2001 2009 2019 2283 2312 2407 2660 2974 3012 3093 3223 3307 3309 3469 3542 3800 4138 4384 4827 5021 6587 6647 7260
30 1666 1753 1807 1835 1863 1904 2020 2033 2300 2315 2341 2425 2700 3029 3189 3270 3294 3521 3586 3713 3848 3946 4271 4412 4561 4699 5029 6656 7348 9418
31 1711 1788 1816 1860 1907 1913 1917 2028 2040 2044 2121 2324 2326 2364 2447 2702 3052 3230 3526 3572 3688 3841 3998 4061 4381 4437 4998 5050 5365 6806 7652
32 1717 1817 1842 1862 1923 1932 2027 2030 2050 2066 2342 2372 2387 2419 2663 2839 3031 3077 3097 3338 3577 3838 4008 4196 4479 4580 4680 5054 5178 6843 7460 7917
28 1764 1893 1909 1926 1944 2039 2052 2076 2080 2348 2432 2568 2792 2988 3089 3140 3358 3655 3948 4020 4517 4600 4890 5257 5551 6732 7534 9212
27 1769 1824 1896 1924 1961 1994 1998 2055 2062 2092 2354 2369 2445 2806 3007 3178 3413 3578 3910 4042 4411 4532 4698 5216 6061 7559 9138
35 1785 1808 1831 1956 1964 1969 1996 2021 2061 2068 2100 2116 2262 2314 2404 2413 2424 2462 2485 2886 3142 3217 3497 3523 3591 3627 3996 4105 4615 4619 4872 5317 5361 6898 7641
31 1813 1846 1976 1985 2018 2064 2071 2078 2120 2148 2316 2428 2466 2564 2899 3162 3245 3282 3509 3538 3676 3699 4038 4297 4682 4735 5372 5481 5779 6942 7540
30 1826 1833 1983 2003 2013 2024 2057 2083 2097 2122 2124 2390 2464 2475 2484 2910 3222 3252 3296 3561 3613 3947 4039 4287 4666 4695 5374 5513 6865 7688
31 1925 2000 2012 2036 2053 2096 2132 2153 2276 2463 2500 2508 2593 2653 2929 3244 3255 3342 3564 3593 3626 3994 4108 4320 4337 4702 4762 5375 5635 7153 7722
34 1938 2005 2037 2049 2058 2129 2136 2142 2175 2176 2178 2184 2416 2527 2631 2692 2975 3248 3337 3357 3617 3624 3712 4150 4360 4459 4688 4811 4895 5280 5717 6598 7187 7887
32 1942 2042 2048 2051 2101 2154 2158 2179 2183 2188 2389 2534 2540 2581 2658 2695 2945 3046 3056 3263 3365 3658 3673 3995 4222 4571 4820 4913 5432 5877 7165 7756
25 1959 1965 2069 2085 2106 2161 2230 2255 2382 2546 2697 3004 3088 3372 3395 3689 3977 4255 4367 4840 4947 5489 5897 7315 7820
31 1999 2086 2126 2138 2194 2207 2243 2260 2325 2397 2408 2549 2708 2727 3013 3125 3261 3394 3597 3691 4000 4012 4326 4369 4798 4841 5507 5915 5930 7471 8670
29 2038 2090 2135 2137 2167 2232 2233 2280 2355 2465 2551 2615 2671 2714 2740 3043 3184 3329 3397 3725 3823 4036 4270 4407 4954 5591 5953 7555 7774
32 2091 2140 2144 2166 2218 2238 2247 2274 2286 2370 2520 2560 2741 2753 2972 3193 3276 3414 3428 3726 4121 4155 4366 4416 4877 4973 4981 5161 5621 6142 7907 8009
35 2098 2141 2201 2221 2242 2266 2281 2318 2320 2373 2412 2495 2576 2617 2739 2757 2798 3068 3371 3445 3736 3739 4176 4319 4450 4936 4995 5032 5092 5698 6149 7270 7747 7911 9784
30 2139 2145 2147 2258 2289 2415 2426 2539 2577 2632 2666 2821 3085 3327 3433 3466 3475 3749 3750 4209 4265 4468 4490 5110 5215 5543 5789 6390 7775 9478
34 2146 2152 2168 2236 2295 2298 2303 2457 2474 2548 2589 2645 2683 2837 2872 2889 3109 3325 3378 3485 3738 3787 3861 4267 4510 4531 4984 5231 5471 5609 5712 6157 7178 7899
34 2150 2156 2169 2186 2212 2279 2301 2310 2502 2606 2657 2704 2869 2888 3047 3113 3253 3473 3539 3550 3761 3793 3862 3990 4296 4505 4584 5196 5256 5618 6217 6650 7886 8799
27 2163 2195 2313 2403 2509 2522 2610 2675 2730 2845 2949 2951 3204 3408 3549 3566 3768 3864 4210 4336 4593 4646 5276 5736 6240 7655 7936
30 2182 2202 2205 2239 2322 2477 2511 2513 2590 2643 2682 2759 2939 2979 3231 3569 3600 3809 3874 4075 4409 4608 5173 5285 5774 6189 6561 7908 8194 9307
33 2191 2228 2253 2331 2470 2538 2547 2647 2685 2686 2743 2800 2970 3067 3073 3293 3615 3666 3788 3843 3924 4024 4242 4362 4631 5261 5398 5667 5845 6235 6663 7947 8629
34 2198 2241 2244 2252 2323 2334 2433 2435 2525 2552 2629 2651 2656 2720 2724 2761 2882 3102 3319 3419 3621 3690 3789 3933 3980 4324 4403 4664 5275 5491 5844 6264 8096 9700
30 2209 2263 2293 2337 2542 2558 2699 2790 2811 2817 2982 3129 3359 3432 3638 3732 3792 3966 4013 4342 4681 4746 5344 5586 5780 5970 6269 6680 7718 8314
33 2223 2265 2297 2304 2339 2346 2409 2562 2595 2705 2818 2893 3096 3137 3213 3376 3594 3714 3900 4007 4102 4173 4426 4705 4884 4961 5430 5678 5928 6498 6810 8114 8395
35 2234 2305 2343 2358 2359 2410 2601 2646 2725 2780 2833 2903 2981 3108 3250 3409 3535 3571 3602 3718 3751 3935 4041 4283 4449 4721 4905 5386 5526 5859 6094 6524 6542 7996 8465
37 2330 2350 2352 2375 2450 2541 2624 2654 2735 2808 2825 2842 2944 3003 3026 3211 3287 3552 3596 3728 3773 3915 3965 4022 4427 4462 4613 4733 4927 5459 5466 5548 5918 5960 6564 8180 8392
26 2332 2353 2391 2489 2689 2760 2826 2852 2967 3054 3180 3301 3418 3737 3916 3964 4029 4463 4741 5391 5559 5729 6271 6639 8167 8696
34 2335 2384 2394 2429 2499 2707 2722 2763 2857 2859 2973 3028 3063 3343 3574 3754 3776 3945 3967 3969 4073 4484 4624 4783 4959 5294 5527 5569 5650 5948 6320 6830 8351 9154
32 2351 2365 2395 2439 2531 2574 2679 2788 2799 2877 2977 3034 3344 3370 3499 3790 3822 3976 3999 4154 4485 4790 4850 5009 5402 5536 5734 6161 6332 6842 6952 8805
30 2368 2378 2381 2396 2401 2468 2536 2613 2802 2878 2984 3061 3152 3400 3805 3824 3852 3973 4142 4198 4445 4569 4907 5549 5593 5849 6371 6955 7568 8909
34 2399 2430 2519 2591 2674 2680 2832 2835 2867 2887 2900 3010 3132 3175 3389 3458 3567 3820 3880 4016 4203 4308 4620 4651 4908 5582 5633 5926 6029 6404 6737 7399 8631 9204
33 2414 2418 2459 2479 2555 2569 2608 2687 2843 2891 2897 2998 3011 3065 3220 3271 3437 3512 3884 4023 4159 4206 4234 4537 4848 4979 4993 5342 5685 6435 6969 8479 9510
33 2417 2442 2469 2506 2609 2728 2846 2909 2913 2923 3094 3199 3377 3401 3470 3740 3885 4056 4208 4536 4729 4912 4999 5017 5615 5711 5747 6028 6442 6626 6974 8753 9741
33 2440 2452 2472 2535 2622 2637 2738 2892 2924 2935 3020 3095 3251 3269 3441 3463 3576 3890 4035 4086 4211 4216 4563 4810 5011 5016 5725 5787 6266 6633 7066 8265 9255
34 2446 2482 2526 2633 2642 2644 2744 2794 2917 2919 2928 3121 3136 3382 3446 3495 3599 3799 3891 4133 4220 4744 4755 5019 5039 5158 5795 5809 6008 6496 7194 8898 9527 9932
33 2496 2512 2570 2578 2664 2673 2745 2797 2931 2946 3124 3303 3393 3461 3525 3605 3639 3928 4010 4187 4225 4558 4971 5085 5091 5538 5805 6012 6303 6513 7422 9163 9770
32 2517 2524 2573 2677 2710 2748 2853 2937 2943 2948 3134 3241 3317 3477 3616 3641 3814 3960 4070 4143 4233 4675 4968 5101 5812 5813 5937 6068 6722 6947 7533 9481
29 2550 2554 2557 2599 2614 2701 2762 2947 2986 3127 3321 3514 3650 3971 4043 4162 4245 4772 5025 5120 5337 5864 5870 6184 6776 7004 7608 8307 9799
30 2563 2583 2604 2640 2746 2770 2771 2955 3035 3131 3246 3568 3657 3662 3837 4054 4085 4202 4253 4816 5088 5155 5232 5882 6041 6397 6755 7123 7805 8816
30 2584 2607 2649 2693 2736 2747 2774 2950 2960 3055 3147 3368 3585 3609 3672 3869 4103 4261 4269 4528 4849 5140 5359 5907 6074 6821 6960 7654 8964 9914
32 2586 2636 2698 2715 2752 2768 2782 2908 2961 2989 3058 3174 3360 3390 3646 3674 3886 3895 4094 4285 4709 5089 5180 5408 5936 5950 6762 6883 7294 8683 9343 9958
31 2600 2648 2755 2775 2838 2983 3069 3078 3146 3284 3415 3502 3677 3927 4059 4118 4299 4301 4333 4626 4859 5184 5515 5985 6013 6052 6823 7174 7322 8715 9192
33 2603 2652 2713 2756 2767 2801 2840 2918 3001 3018 3105 3191 3290 3449 3684 3897 4033 4164 4191 4330 4491 4508 5004 5172 5190 5225 5521 6002 6153 6311 6881 7362 8887
35 2635 2672 2711 2769 2815 2868 3037 3086 3110 3273 3310 3435 3456 3543 3692 3939 4051 4305 4357 4405 4464 4668 4920 5145 5217 5234 5560 6059 6203 6637 7002 7371 7474 7806 9354
32 2717 2765 2777 2841 2873 2920 3040 3100 3130 3144 3194 3314 3464 3700 3723 3853 4027 4106 4310 4359 4429 4554 5141 5221 5571 5677 6136 6159 7008 7424 8470 9556
37 2734 2766 2785 2836 2858 2860 2906 2912 3019 3079 3156 3166 3228 3286 3356 3584 3730 3747 3888 3961 4149 4244 4321 4372 4439 4606 4932 5243 5286 5629 6169 6495 6673 7470 7537 9109 9837
33 2758 2793 2813 2876 2914 2992 3033 3090 3158 3176 3229 3277 3392 3416 3488 3629 3753 3978 4125 4389 4399 4441 4663 5143 5300 5660 6011 6181 6798 7319 7593 7854 9558
34 2772 2795 2855 2916 2930 3049 3103 3167 3262 3298 3453 3622 3705 3786 4072 4129 4404 4451 4513 4731 5203 5250 5305 5665 6022 6201 6305 6988 7029 7631 7697 7978 9404 9941
41 2803 2874 2933 2940 2965 3036 3091 3151 3182 3185 3212 3280 3315 3434 3454 3635 3685 3759 3801 3896 4109 4232 4406 4453 4499 4649 4725 4939 5264 5316 5445 5686 5702 6222 6308 6377 7435 7764 7841 8932 9982
36 2805 2823 2847 2890 2963 2966 3114 3170 3192 3215 3313 3402 3490 3686 3771 3806 3889 3920 4080 4240 4475 4618 4670 4781 5319 5341 5599 5764 6327 6358 7089 7729 7772 7885 9431 9969
35 2820 2830 2864 2954 2971 3009 3118 3195 3234 3320 3330 3407 3563 3695 3828 3941 3963 4112 4438 4482 4498 4595 4711 5165 5328 5358 5380 5819 6325 6360 7214 7801 7850 9296 9643
33 2822 2851 2993 3005 3050 3122 3203 3254 3336 3431 3631 3721 3778 3894 4113 4470 4534 4572 4686 4854 5321 5339 5381 5575 5946 6251 6356 6503 6573 7789 7839 8216 9768
36 2849 2996 3027 3044 3126 3164 3186 3205 3243 3304 3362 3484 3507 3795 3807 3942 4120 4139 4328 4492 4493 4604 4770 4928 5283 5363 5437 5558 5657 5996 6366 6447 7246 7852 7903 9015
34 2854 3025 3051 3064 3139 3225 3281 3340 3364 3515 3798 3812 3944 3983 4146 4496 4541 4653 4778 4876 5364 5452 5589 5719 6040 6324 6415 6667 7261 7817 7921 8132 9607 9802
33 2863 3075 3099 3150 3238 3242 3297 3299 3341 3379 3548 3819 3893 4011 4148 4207 4509 4596 4719 4806 5414 5449 5624 6053 6339 6408 6490 6901 7223 7837 7965 8268 8879
33 2870 3076 3119 3149 3172 3177 3266 3267 3272 3388 3398 3494 3834 3849 3974 4128 4167 4335 4378 4522 4557 4609 4742 4786 4863 5518 5709 5728 6506 7553 7926 8240 9827
33 2921 3104 3128 3201 3259 3275 3300 3427 3481 3506 3553 3839 3879 4045 4157 4177 4258 4525 4645 4654 4763 4846 4982 5544 5649 6076 6532 6972 7726 7861 7934 8360 9838
38 2922 3123 3169 3258 3260 3264 3283 3318 3326 3420 3429 3487 3546 3606 3846 3923 4090 4199 4213 4280 4434 4555 4648 4787 4826 4853 4899 5271 5576 5765 5981 6077 6533 7090 7804 7997 8387 9882
33 2995 3145 3171 3268 3292 3332 3335 3430 3508 3603 3817 3926 4074 4226 4230 4538 4610 4704 4706 4837 4972 5094 5607 5710 5776 6086 6577 6654 7478 7843 8037 8092 8443
37 3016 3179 3278 3291 3346 3348 3439 3465 3500 3545 3670 3955 3975 3981 4098 4276 4340 4570 4738 4812 4842 4886 5164 5494 5656 5715 5785 5873 6103 6141 6660 6929 7156 7900 7966 8151 9403
35 3039 3155 3181 3295 3323 3347 3443 3479 3480 3532 3565 3743 3982 4081 4160 4277 4373 4549 4693 4752 4861 4987 5087 5623 5663 5735 5792 6139 6248 6688 6704 7731 7938 8402 9410
30 3042 3198 3302 3306 3367 3411 3486 3489 3544 3608 4002 4092 4161 4312 4488 4614 4740 4780 4860 4894 5111 5684 5824 6209 6260 6709 6783 7741 8062 8819
36 3060 3209 3235 3312 3322 3331 3380 3513 3637 3797 4021 4100 4132 4180 4288 4317 4421 4623 4836 4868 4879 5047 5421 5626 5753 5932 6239 6293 6717 6921 7856 8011 8070 8187 8412 9873
35 3117 3210 3316 3373 3391 3520 3648 3742 3825 4028 4136 4147 4218 4332 4424 4656 4847 4911 4991 5194 5338 5620 5762 5814 5872 6273 6335 6534 6745 6784 7166 7951 8105 8290 8514
34 3153 3247 3324 3396 3412 3528 3558 3654 3675 3774 3791 4019 4179 4294 4351 4414 4700 4800 4865 4924 5034 5469 5743 5922 6241 6289 6431 6818 6867 7677 8024 8236 8298 8768
35 3160 3216 3240 3333 3350 3405 3537 3541 3556 3604 3678 3794 4047 4212 4215 4365 4676 4750 4893 5003 5038 5061 5563 5888 5992 6281 6317 6713 6828 7050 8060 8270 8539 9330 9860
35 3183 3233 3339 3410 3455 3573 3587 3683 3813 3863 4101 4266 4295 4343 4368 4471 4477 4727 4838 4946 5043 5078 5602 5625 5722 5933 5995 6254 6478 6761 6920 7107 8225 8548 9995
34 3187 3236 3265 3361 3383 3385 3417 3610 3619 3625 3647 3724 3784 3835 3892 4284 4371 4637 4737 4843 5001 5060 5099 5745 5892 6066 6489 6499 6833 6932 8195 8317 8583 9544
34 3190 3256 3442 3536 3644 3711 3785 3850 3925 4127 4316 4376 4382 4417 4598 4669 4756 4970 5013 5098 5103 5267 5788 6047 6101 6355 6541 6569 6832 7100 8228 8374 8589 9555
32 3249 3288 3460 3462 3518 3557 3651 3715 3865 3908 3986 4153 4344 4379 4410 4420 4448 4814 5056 5123 5139 5630 5676 5902 6316 6560 6631 6916 7810 7968 8353 9188
31 3353 3363 3452 3471 3476 3524 3620 3667 3741 3745 3770 3887 3989 4032 4402 4551 4815 5037 5131 5179 5807 6070 6080 6501 6593 6769 6943 7106 8272 8574 9697
31 3384 3496 3501 3560 3582 3623 3669 3777 4040 4168 4423 4578 4633 4819 5081 5150 5288 5858 5961 6158 6420 6579 6602 6619 7094 7152 7930 8416 8585 8619 9724
34 3387 3482 3519 3612 3671 3703 3780 3802 4062 4223 4375 4425 4546 4617 4761 4839 4955 5154 5186 5335 5866 6089 6455 6548 6659 7119 7121 7518 8061 8484 8501 8640 9349 9782
35 3423 3492 3503 3575 3598 3680 3722 3783 3803 3882 4031 4064 4290 4428 4511 4602 4776 4845 5040 5205 5246 5362 5893 6031 6109 6465 6751 6797 7125 7164 8077 8487 8743 8774 9841
35 3425 3505 3579 3659 3696 3716 3731 3804 3821 4055 4124 4281 4383 4430 4583 4723 4851 4883 5026 5174 5212 5431 5641 5979 6081 6116 6467 6583 6782 7154 7192 8165 8305 8744 9847
33 3440 3533 3534 3618 3702 3733 3830 3905 3912 4095 4130 4456 4547 4601 4743 4779 4855 4902 5187 5236 5357 5444 5754 6067 6108 6517 6661 6838 7280 7858 8218 8771 9918
34 3448 3551 3630 3679 3682 3707 3755 3847 3854 3904 4003 4140 4374 4515 4599 4603 4813 4934 5199 5252 5385 5458 5871 6122 6196 6342 6702 6887 6907 7281 7386 8244 8582 8784
37 3491 3562 3628 3640 3694 3735 3744 3757 3836 3858 3984 4004 4110 4163 4178 4435 4565 4658 4713 4829 5076 5239 5272 5463 5697 5929 6071 6290 6694 6799 7052 7332 7396 7413 8164 8596 8945
34 3511 3632 3643 3746 3764 3851 3871 4017 4158 4201 4293 4582 4612 4748 5006 5095 5242 5340 5468 5891 6095 6126 6370 6636 6899 7074 7289 7411 7542 8376 8731 8891 8928 9100
33 3516 3581 3656 3698 3762 3845 3881 3917 3934 4025 4204 4401 4667 4749 4862 5104 5248 5331 5393 5572 5923 6004 6019 6477 6723 6771 6911 7228 7342 7463 8658 8916 8941
34 3590 3665 3681 3763 3811 3898 3949 3997 4044 4229 4241 4243 4689 4825 4918 5114 5268 5287 5389 5415 5605 6023 6034 6118 6144 6592 6774 6981 7453 7508 8559 8682 8978 9786
32 3592 3693 3781 3844 3992 4001 4015 4048 4079 4262 4440 4696 4919 4925 5067 5214 5295 5399 5498 5616 6107 6243 6391 6679 6858 7354 7457 7517 7738 8750 8918 9018
35 3611 3701 3855 3907 4005 4030 4069 4083 4263 4272 4443 4591 4823 4835 4930 4943 5270 5378 5394 5419 5495 5636 6043 6131 6194 6733 6840 6909 7220 7477 7617 8776 8986 9094 9650
33 3636 3704 3765 3866 3954 4009 4053 4076 4089 4117 4174 4292 4497 4720 4873 4906 4985 4986 5015 5072 5299 5422 5554 5708 5853 6064 6165 6536 6801 7019 7521 8792 9152
36 3660 3720 3772 3867 3950 4018 4082 4093 4116 4134 4193 4289 4334 4504 4869 4892 4992 5027 5191 5356 5447 5464 5617 5655 5778 6219 6259 6825 6848 7048 7505 7544 8516 8880 9003 9161
40 3709 3756 3775 3833 3899 3903 3932 3953 4084 4096 4137 4145 4306 4431 4519 4914 5024 5048 5202 5373 5479 5484 5493 5672 5733 5920 6132 6297 6642 6852 6917 7101 7306 7524 7604 7791 8068 8893 8959 9388
35 3766 3782 3911 3914 4034 4104 4183 4185 4264 4460 4533 4952 5063 5073 5075 5409 5485 5567 5573 5750 6270 6346 6401 6805 6926 7073 7128 7523 7551 7616 7807 8660 8953 9071 9645
34 3815 3856 3919 4046 4123 4181 4190 4363 4489 4544 4988 5000 5080 5093 5220 5346 5487 5614 5640 5799 5977 6193 6349 6514 6834 6903 6986 7287 7583 7647 7746 8830 9113 9358
35 3827 3878 3921 4050 4156 4192 4194 4370 4520 4564 5018 5108 5122 5426 5505 5539 5628 5773 5841 5927 6035 6333 6372 6645 7017 7055 7360 7595 7705 8409 9080 9293 9383 9731 9968
29 3831 3832 3929 3937 3951 4126 4205 4247 4396 4579 4657 5083 5118 5132 5443 5531 5631 5931 6247 6373 6662 7139 7376 7601 7711 7770 8895 9164 9444
33 3860 3972 3987 4006 4144 4165 4221 4251 4325 4432 4542 4665 4687 5106 5135 5519 5541 5651 5986 6020 6285 6458 6855 7169 7197 7440 7618 7730 7991 8987 9398 9438 9866
36 3873 3902 3991 4067 4151 4152 4231 4273 4341 4483 4559 4679 4684 4732 5137 5152 5477 5546 5590 5688 5980 6087 6381 6468 6641 6886 7204 7224 7252 7486 7644 7713 7788 9023 9422 9573
33 3875 3968 4057 4068 4175 4252 4282 4315 4348 4388 4638 4728 5124 5162 5230 5540 5565 5627 5692 6054 6140 6383 6831 7034 7092 7301 7480 7602 7923 9001 9030 9452 9829
33 3877 4060 4088 4091 4186 4227 4278 4298 4358 4385 4413 4647 4818 5169 5198 5265 5504 5577 5594 5741 5816 6127 6525 6880 7113 7339 7461 7520 7683 7970 9041 9423 9580
35 3883 4049 4066 4099 4195 4248 4302 4313 4356 4444 4500 4652 4774 5200 5306 5379 5622 5642 5755 5810 6039 6195 6199 6529 6605 6923 7182 7389 7490 7717 8002 8979 9045 9463 9615
31 3922 4107 4122 4169 4200 4286 4304 4307 4350 4446 4726 4782 5219 5330 5581 5643 5806 5899 6045 6232 6314 6549 6608 7140 7445 7512 7666 7868 8018 9064 9748
33 4052 4166 4214 4217 4219 4250 4309 4377 4457 4577 4822 4882 5249 5259 5427 5606 5646 5648 5825 6058 6307 6558 6568 7085 7263 7465 7619 7734 8032 8081 9474 9767 9971
32 4065 4170 4239 4249 4314 4323 4387 4465 4521 4527 4691 4833 4844 5281 5367 5450 5652 5790 5880 5884 5957 6083 6394 6700 7137 7452 7498 7714 8043 8117 9244 9505
29 4071 4236 4238 4279 4355 4394 4452 4545 4588 4736 4792 4856 4921 5282 5451 5662 5958 5989 6120 6469 6803 6913 7145 7501 7754 7972 8100 9347 9687
35 4077 4246 4259 4311 4391 4393 4395 4454 4562 4641 4857 4990 5289 5290 5600 5664 5695 5730 6009 6050 6110 6505 6571 6870 6934 7193 7250 7562 7600 7799 8058 8146 8981 9586 9869
29 4078 4260 4303 4318 4386 4408 4472 4575 4785 4888 4941 5291 5332 5716 5731 6079 6124 6336 6527 6555 6937 7057 7266 7567 7857 8084 8110 9320 9723
29 4114 4322 4327 4400 4478 4589 4640 4864 4898 4945 5292 5411 5718 5737 6078 6104 6249 6528 6894 7198 7303 7594 7658 7897 8112 8197 8712 9099 9765
30 4115 4338 4415 4476 4486 4487 4630 4900 4929 5036 5279 5347 5417 5720 5732 5746 6146 6288 6417 6589 6896 6984 7254 7311 7659 7967 8174 8241 8782 9774
35 4119 4349 4390 4436 4495 4514 4524 4758 4831 4958 5059 5064 5352 5438 5727 5758 5924 6106 6302 6315 6443 6604 6987 7226 7269 7469 7665 7977 8088 8203 8219 8935 9476 9535 9916
28 4141 4392 4442 4530 4550 4724 4885 4997 5035 5096 5395 5579 5752 5775 5982 6170 6326 6476 6682 7051 7255 7274 7687 7998 8247 9134 9613 9904
34 4172 4397 4455 4553 4566 4799 4889 5012 5023 5175 5309 5405 5428 5691 5761 5767 5804 5827 6204 6334 6343 6685 7067 7211 7293 7818 7892 7987 8045 8306 8637 9148 9828 9991
32 4182 4433 4458 4480 4560 4567 4597 4642 4874 4931 5028 5192 5404 5441 5782 5786 5956 6180 6387 6678 6691 7160 7302 7451 7895 8188 8192 8343 8695 9143 9698 9927
30 4189 4447 4481 4529 4573 4621 4672 4880 5045 5304 5442 5497 5800 5842 5978 6111 6306 6400 6526 6734 6949 7170 7391 7902 8160 8363 8522 8846 9778 9987
30 4398 4474 4503 4535 4587 4627 4673 4692 4938 5055 5311 5327 5488 5611 5808 5943 6075 6223 6353 6487 6695 6736 7095 7420 7454 7905 8169 8515 8708 9542
32 4466 4469 4494 4507 4607 4628 4694 4734 5068 5314 5420 5661 5817 5820 5947 5971 6323 6376 6396 6494 6739 6775 6777 7098 7434 7827 7933 8179 8520 8533 9208 9679
29 4467 4473 4501 4543 4622 4636 4703 4745 5070 5329 5689 5833 5972 6048 6119 6384 6466 6689 6759 6788 7372 7444 7736 8010 8243 8527 8736 9285 9563
32 4506 4523 4568 4629 4639 4722 4809 5053 5071 5119 5222 5350 5480 5694 5766 5839 6072 6166 6350 6403 6649 6789 7241 7446 7497 7657 8014 8302 8535 8554 8803 9579
32 4574 4632 4650 4655 4677 4730 4828 4953 5074 5121 5412 5699 5803 5840 5909 6100 6134 6432 6512 6712 6792 6827 6875 7403 7530 8065 8104 8323 8542 8810 9517 9894
31 4581 4660 4697 4739 4788 4795 4950 5084 5100 5238 5501 5550 5768 5828 5848 5962 6147 6226 6518 6628 6760 6839 7325 7535 7686 7862 8075 8393 8555 8749 9705
30 4611 4634 4701 4710 4718 4858 4969 5090 5133 5297 5533 5770 5830 5854 5994 6175 6282 6492 6724 6853 6900 7366 7547 7548 7904 8079 8127 8510 8567 9642
34 4616 4662 4715 4716 4817 4903 4975 5010 5105 5142 5322 5413 5584 5701 5834 5847 5993 6006 6156 6220 6521 6617 6725 6863 7041 7504 7565 7913 8126 8308 8606 8779 8845 9912
32 4661 4671 4717 4777 4784 4867 4948 5079 5146 5189 5440 5791 5852 5869 6026 6321 6438 6621 6877 6938 6957 7507 7571 7819 7920 8101 8157 8326 8433 8672 9112 9710
32 4751 4802 4834 4887 5022 5125 5157 5159 5235 5355 5366 5509 5647 5811 5874 6044 6228 6362 6565 6714 6758 6939 6964 7506 7599 7954 8202 8556 8685 8994 9788 9947
34 4753 4754 4769 4824 4910 4933 4942 5138 5163 5168 5183 5382 5578 5818 5890 5894 6010 6060 6208 6365 6530 6768 6946 6958 7070 7627 8059 8163 8252 8576 8747 9170 9805 9863
30 4757 4896 4926 4983 5052 5170 5176 5277 5384 5547 5592 5905 6024 6114 6253 6338 6451 6607 6802 6850 6962 6967 7373 7550 7669 8102 8287 8622 8777 9353
34 4759 4765 4803 4909 4966 4976 5058 5167 5177 5223 5278 5397 5601 5913 6063 6345 6380 6653 6807 6963 6965 7003 7083 7634 7749 8030 8342 8388 8647 8648 8788 9253 9759 9900
39 4760 4766 4773 4870 4917 5005 5051 5126 5188 5218 5253 5293 5407 5429 5951 5963 5974 6129 6291 6375 6398 6439 6594 6861 6884 7023 7093 7283 7398 7640 7716 8064 8071 8344 8427 8632 8770 9576 9934
33 4764 4794 4808 4937 5020 5144 5166 5228 5274 5301 5403 5514 5964 5998 6018 6137 6399 6414 6448 6539 6905 7027 7262 7582 7646 7685 7786 8069 8136 8449 8690 8823 9633
29 4768 4796 4807 4957 5066 5201 5296 5343 5474 5597 5983 6025 6082 6176 6418 6453 6726 6940 7040 7127 7710 7780 7814 8173 8408 8706 8802 9020 9713
29 4797 4944 5082 5224 5302 5312 5369 5425 5508 5904 6033 6085 6143 6406 6426 6462 6698 6924 7064 7479 7797 7945 8209 8411 8451 8633 8811 8955 9962
27 4801 4805 4951 4996 5086 5102 5210 5303 5315 5401 5434 5490 5781 6098 6174 6433 6545 6851 6953 7079 7168 7821 8091 8229 8485 8818 9025
32 4804 4830 4878 4994 5031 5109 5117 5229 5323 5376 5406 5502 5530 6115 6182 6450 6540 6644 6977 7103 7225 7624 7825 7971 8275 8531 8716 8739 8742 9022 9034 9582
33 4852 4922 4989 5069 5112 5116 5151 5251 5307 5348 5353 5390 5510 5523 5603 6145 6178 6187 6457 6483 6611 6991 7129 7133 7314 7826 7874 8181 8280 8382 8635 8763 9032
30 4891 4949 5008 5077 5115 5128 5148 5313 5318 5351 5396 5439 5568 5793 6183 6192 6471 6502 6624 6629 6786 7081 7141 7573 7940 8354 8428 8772 9065 9865
27 4904 4960 4980 5041 5113 5127 5171 5360 5424 5457 5496 5659 5906 6191 6206 6272 6544 6670 6837 7143 7208 7956 8021 8357 8456 8836 9069
29 4935 5030 5049 5129 5181 5368 5433 5512 5570 5687 6138 6213 6298 6484 6591 6692 6743 6930 7155 7181 7189 7285 7783 7959 8048 8359 8789 8902 9074
25 4967 5046 5097 5134 5182 5435 5506 5700 5749 6210 6224 6310 6337 6696 6841 7159 7206 7210 7333 8086 8301 8405 8474 8838 9082
24 4974 5136 5153 5207 5226 5416 5446 5556 5704 5856 6171 6238 6352 6508 6706 6968 7217 7350 8098 8212 8430 8852 8940 9124
31 5014 5130 5149 5156 5244 5436 5478 5580 5587 5739 5757 5763 6037 6185 6252 6367 6388 6716 6742 6998 7218 7231 7357 7963 8312 8361 8467 8853 8929 9221 9277
32 5057 5147 5185 5258 5448 5499 5596 5639 5760 5769 5879 6069 6225 6287 6368 6429 6486 6741 6846 7053 7196 7221 7292 7410 7433 8161 8340 8508 8905 8965 9291 9524
34 5062 5160 5195 5237 5263 5308 5522 5619 5742 5748 5802 5976 6015 6263 6318 6378 6386 6601 6749 6772 6895 7013 7236 7353 7425 7447 8138 8208 8380 8521 8922 8985 9181 9557
26 5197 5206 5247 5298 5423 5525 5637 5772 5821 6097 6354 6434 6456 6581 6646 6757 6904 7200 7248 7428 7632 8397 8557 8888 9004 9342
31 5209 5310 5333 5460 5542 5670 5784 5822 6084 6188 6357 6449 6510 6665 6836 7012 7033 7124 7273 7476 7732 8403 8452 8664 8676 8719 8951 9036 9198 9201 9667
23 5213 5345 5349 5400 5610 5683 5759 5838 6233 6454 6612 6684 6873 7018 7069 7365 7495 8457 8473 8600 8738 8962 9523
27 5233 5245 5377 5456 5654 5682 5843 6256 6460 6701 6892 7035 7044 7126 7212 7437 7510 7762 8496 8524 8729 9013 9061 9063 9301 9686 9766
23 5241 5387 5520 5671 5850 5861 6268 6531 6552 6719 6721 6996 7058 7075 7172 7378 7438 7563 8459 8570 8748 9101 9572
34 5254 5262 5324 5461 5574 5693 5857 5862 5975 6329 6364 6574 6582 6585 6728 6735 6945 7088 7171 7307 7499 7500 7570 7628 7684 8198 8525 8580 8612 8785 8881 9108 9348 9878
35 5260 5325 5334 5462 5483 5585 5706 5863 5875 5878 5900 6344 6385 6586 6648 6693 6763 6780 6811 6878 7043 7099 7102 7385 7514 7578 7832 8056 8419 8656 8806 9086 9167 9620 9924
30 5266 5326 5467 5472 5516 5598 5705 5714 5887 5935 6276 6412 6590 6809 6908 7112 7146 7184 7546 7585 7635 8199 8303 8662 8735 8923 9146 9193 9637 9953
29 5336 5475 5476 5534 5658 5726 5744 5911 6160 6472 6609 6651 6674 6829 7077 7114 7167 7515 7564 7591 7848 7943 8692 8704 8863 8998 9176 9335 9978
28 5354 5388 5492 5529 5553 5566 5680 5783 5901 5916 5969 6277 6672 6773 6882 6915 7130 7199 7556 7622 7808 7879 7964 8705 8809 9205 9450 9886
28 5370 5383 5503 5511 5612 5713 5796 5925 6162 6296 6666 6705 6813 6941 7005 7233 7238 7558 7626 7813 7961 8379 8703 8930 9048 9259 9364 9661
32 5371 5465 5524 5528 5537 5668 5724 5867 6036 6057 6163 6515 6697 6707 6814 6951 7025 7258 7265 7615 7630 7823 7975 8016 8674 8767 9000 9062 9210 9306 9433 9881
28 5454 5455 5500 5532 5545 5632 5797 5912 6099 6186 6331 6606 6820 6849 6948 7001 7271 7673 7829 8023 8041 8054 8795 9028 9114 9305 9318 9508
28 5482 5535 5555 5669 5826 5860 5883 6007 6112 6215 6230 6690 6862 6954 6993 7104 7276 7587 7676 8034 8107 8230 8822 9026 9132 9225 9503 9813
31 5552 5557 5564 5675 5696 5829 5896 5990 6049 6128 6212 6236 6567 6715 6856 6893 6976 7072 7242 7298 7310 7700 7733 7881 8082 8113 8817 8825 9206 9374 9903
29 5583 5721 5751 5855 5868 6027 6167 6218 6300 6523 6711 6914 6927 7007 7118 7290 7363 7681 7737 8116 8156 8800 8856 9234 9245 9331 9496 9539 9905
28 5588 5595 5740 5815 5910 5945 6105 6205 6312 6572 6800 6997 7056 7288 7344 7431 7750 7889 8119 8171 8233 8300 8869 9088 9102 9313 9377 9977
31 5604 5608 5653 5794 5895 5940 5949 6221 6274 6328 6584 6708 6918 6999 7150 7346 7491 7725 7757 7758 7803 7994 8186 8271 8331 9005 9105 9265 9369 9486 9948
24 5613 5771 5865 5968 6000 6016 6244 6389 6436 6630 6989 7009 7157 7493 7763 7795 7834 7999 8259 8608 9009 9275 9379 9514
27 5634 5645 5756 5881 5999 6005 6123 6267 6295 6473 6795 6860 7000 7059 7237 7321 7557 7778 7912 8133 8155 8269 8444 9125 9298 9399 9569
27 5673 5846 5886 5942 6030 6073 6125 6286 6470 6535 6675 6824 7032 7076 7247 7509 7586 7656 7779 7898 7932 8158 8291 8839 9137 9333 9536
32 5679 5703 5889 5898 5997 6102 6113 6242 6262 6299 6309 6538 6550 6740 6847 7036 7039 7188 7300 7388 7588 7692 7836 8196 8304 8868 9142 9319 9373 9402 9602 9950
28 5777 5837 5903 5914 6032 6177 6211 6304 6359 6547 6872 7037 7068 7308 7532 7623 7702 7853 7888 8028 8313 8367 8671 9016 9199 9271 9449 9608
28 5798 5908 6003 6150 6237 6255 6280 6341 6361 6553 7024 7062 7071 7082 7213 7312 7696 7831 7893 7909 8029 8321 8429 8947 9171 9357 9468 9657
27 5801 5917 6092 6275 6278 6292 6369 6559 7038 7091 7108 7340 7549 7612 7739 7844 7924 8051 8087 8217 8396 8495 8537 9083 9226 9472 9623
24 5831 5835 5934 5965 6117 6283 6322 6393 6750 7045 7122 7282 7370 7589 7663 7859 8031 8139 8420 8563 9230 9341 9479 9631
26 5832 5938 6155 6284 6348 6379 6395 6419 6944 7078 7097 7131 7267 7404 7682 7882 8095 8200 8210 8333 8491 8973 9269 9541 9550 9819
24 5876 5919 5939 5941 6093 6168 6313 6409 7046 7135 7195 7377 7429 7620 7919 7953 8129 8226 8336 8571 8997 9237 9493 9603
26 5944 5952 5966 6234 6351 6411 6437 6562 7105 7209 7275 7423 7432 7459 7712 7948 8124 8168 8242 8310 8626 9239 9386 9519 9605 9945
29 5954 5955 5967 6046 6363 6374 6421 6427 6446 6615 7142 7190 7243 7334 7443 7701 7792 7962 8135 8175 8276 8414 8587 8643 9085 9396 9574 9610 9652
29 5959 5973 6231 6382 6410 6444 6452 6519 6522 6744 6793 7257 7345 7554 7740 7973 8109 8148 8190 8221 8319 8480 8684 9144 9429 9432 9578 9638 9680
23 5984 6151 6250 6407 6464 6551 6652 6854 7111 7268 7328 7355 7596 7809 8140 8223 8288 8425 8827 9195 9639 9649 9691
27 6001 6200 6258 6445 6481 6500 6616 6686 6738 7163 7284 7400 7560 7846 7860 8015 8254 8283 8370 8461 8804 9017 9294 9566 9656 9682 9789
29 6021 6062 6265 6402 6459 6485 6566 6643 6747 7202 7291 7305 7387 7645 7785 7877 7884 8149 8295 8401 8519 8702 8866 8984 9401 9663 9684 9722 9879
28 6042 6152 6294 6416 6474 6504 6520 6554 6622 6703 6752 6764 7304 7336 7525 7830 7949 8007 8338 8355 8373 8497 8720 8921 9316 9512 9715 9849
28 6056 6154 6461 6463 6509 6516 6580 6634 6817 6971 7330 7352 7531 7838 7989 8020 8066 8279 8348 8362 8498 8667 8847 9156 9337 9516 9744 9859
23 6096 6190 6214 6475 6556 6618 6859 6874 7374 7407 7672 7766 7941 8038 8329 8529 8757 8900 9162 9473 9521 9775 9972
27 6130 6197 6245 6482 6563 6657 6658 6866 6919 7390 7409 7466 7811 7873 7990 8094 8137 8341 8422 8534 9046 9174 9266 9511 9532 9834 9840
25 6198 6227 6319 6493 6676 6902 6978 7401 7472 7522 7753 7958 8035 8115 8142 8378 8475 8597 8599 8758 9070 9345 9614 9746 9843
25 6229 6257 6347 6595 6620 6677 6710 6979 7405 7415 7473 7706 7983 8145 8185 8255 8490 8610 8614 8843 9426 9465 9518 9644 9926
25 6261 6330 6425 6623 6681 6727 6994 7240 7419 7503 7771 7928 8106 8231 8278 8334 8436 8489 8578 8707 9405 9480 9676 9693 9938
25 6340 6423 6488 6600 6655 6718 6731 6990 7227 7316 7450 7767 7824 8144 8248 8345 8446 8550 8688 8764 8773 9471 9509 9530 9711
17 6392 6497 6635 6746 6779 7028 7278 7455 7484 7776 7935 8332 8560 8713 8837 9487 9597
26 6424 6543 6578 6664 6748 6753 6816 7054 7317 7462 7536 7802 8159 8335 8337 8352 8384 8601 8621 8732 8759 8867 9021 9528 9611 9801
25 6428 6557 6597 6640 6756 6766 6826 7110 7338 7392 7468 7610 7863 8350 8371 8630 8780 8860 8960 9077 9534 9626 9641 9807 9965
23 6430 6610 6699 6767 6794 7016 7061 7117 7356 7483 7580 7614 7727 7939 8390 8650 8762 8908 8972 9103 9567 9701 9897
24 6440 6507 6638 6668 6687 6754 6790 6815 6822 7022 7065 7369 7597 7670 7761 7906 8189 8426 8675 8787 8975 9262 9706 9749
25 6570 6603 6671 6729 6765 6844 7087 7201 7296 7561 7629 7651 7816 8008 8435 8509 8761 8882 8942 8982 9419 9551 9726 9783 9911
23 6599 6669 6683 6778 6868 6985 7239 7347 7541 7660 7661 7815 8047 8347 8448 8482 8796 8926 8996 9553 9647 9730 9846
23 6613 6720 6819 6869 6876 7086 7299 7379 7592 7664 7847 7925 8191 8455 8512 8807 8871 8990 8999 9295 9671 9758 9944
24 6770 6857 6864 6889 6910 6912 7185 7349 7489 7671 7709 7875 8153 8294 8507 8639 8814 8883 9011 9140 9587 9709 9779 9901
21 6781 6785 6871 6922 6966 7327 7359 7680 7743 7942 8214 8222 8538 8686 8842 8901 9040 9596 9624 9867 9920
20 6791 6796 6925 6995 7149 7393 7693 7703 7784 7950 8284 8536 8661 8864 9002 9024 9047 9427 9653 9875
25 6808 6845 6879 6888 6890 6928 6936 6973 7116 7144 7158 7375 7441 7745 7812 8013 8089 8413 8591 8886 9050 9066 9674 9896 9946
27 6812 6891 6897 6931 6935 6961 7147 7176 7203 7412 7467 7675 7755 7765 7955 8067 8296 8552 8604 8722 8915 9060 9098 9169 9717 9922 9985
26 6885 6950 6956 6959 6970 6983 7109 7177 7259 7361 7513 7748 7835 7876 8131 8245 8437 8558 8666 8925 9008 9119 9209 9469 9776 9928
23 6933 6980 6992 7020 7180 7286 7406 7464 7598 7840 7869 8025 8055 8213 8505 8605 8775 9010 9091 9122 9264 9659 9929
22 6975 6982 7011 7026 7232 7249 7381 7526 7768 7916 8040 8122 8253 8562 8611 8752 9118 9177 9196 9197 9276 9981
21 7006 7014 7060 7084 7367 7383 7408 7538 7751 7927 7931 8147 8616 8665 8938 8963 9185 9207 9214 9525 9998
17 7015 7042 7151 7430 7488 7605 7866 7960 7993 8123 8215 8659 8826 9217 9232 9292 9297
20 7030 7031 7120 7161 7295 7436 7572 7691 7880 7981 8004 8150 8224 8260 8691 9068 9160 9252 9312 9323
18 7047 7096 7173 7191 7416 7482 7607 7777 8000 8042 8206 8318 8721 8989 9081 9256 9283 9387
19 7080 7115 7219 7230 7485 7637 7800 7896 8005 8182 8258 8623 8734 8855 9043 9261 9290 9400 9409
23 7132 7175 7183 7244 7279 7519 7603 7621 7870 7872 8001 8036 8211 8309 8325 8369 8755 8939 9135 9299 9325 9507 9513
23 7136 7148 7179 7235 7251 7253 7323 7579 7625 7667 7668 7719 7878 8076 8238 8330 8769 8956 9233 9326 9424 9483 9560
20 7138 7186 7216 7309 7351 7442 7679 7891 8022 8154 8262 8358 8801 9158 9279 9334 9344 9421 9564 9683
21 7205 7222 7329 7384 7528 7715 7910 7915 8235 8274 8289 8391 8808 8813 8899 9228 9250 9355 9570 9734 9999
18 7229 7297 7331 7543 7721 7842 7944 8249 8316 8466 8499 8815 8821 9278 9359 9430 9598 9893
20 7245 7256 7335 7481 7575 7723 7728 7988 8251 8398 8476 8511 8824 9280 9367 9381 9390 9588 9617 9630
21 7277 7324 7343 7358 7449 7650 7773 8006 8111 8256 8322 8477 8573 8832 8844 9216 9287 9389 9453 9616 9757
23 7313 7337 7380 7458 7516 7742 7769 7865 8012 8239 8263 8389 8441 8458 8493 8602 8857 8861 9311 9411 9547 9668 9794
20 7318 7382 7394 7648 7699 7790 7952 8050 8264 8469 8593 8617 8878 8892 9222 9414 9448 9552 9595 9810
19 7320 7395 7421 7552 7707 7845 7974 8093 8292 8483 8603 8628 8859 9007 9303 9455 9609 9681 9830
18 7397 7581 7744 7867 7957 8176 8285 8328 8349 8486 8652 8677 8907 9057 9179 9365 9666 9852
19 7402 7636 7724 7798 7976 7980 8178 8365 8377 8528 8588 8655 8668 8862 8931 9300 9458 9672 9673
17 7418 7439 7638 7698 7890 7992 8046 8201 8423 8541 8689 8889 8967 9187 9434 9707 9823
21 7426 7448 7475 7689 7752 7985 8063 8072 8257 8320 8442 8460 8627 8760 8943 8976 9218 9370 9464 9712 9876
17 7427 7487 7496 7864 7986 8108 8281 8454 8463 8517 8638 8794 9012 9051 9309 9501 9716
18 7494 7529 7894 8053 8162 8250 8293 8375 8478 8506 8641 8700 8877 9029 9072 9490 9694 9729
19 7511 7569 7611 7922 8049 8074 8266 8381 8488 8518 8680 8894 9087 9092 9249 9618 9736 9763 9877
16 7539 7694 7969 8083 8193 8277 8368 8494 8553 8642 8917 9089 9116 9655 9769 9796
18 7545 7574 7695 7929 7982 8204 8410 8532 8649 8723 8944 9035 9247 9372 9739 9792 9800 9931
19 7566 7720 7793 7871 8003 8234 8417 8569 8577 8645 8687 8912 8988 9067 9090 9332 9466 9824 9902
19 7576 7606 7787 7979 8052 8237 8418 8564 8572 8581 8728 9056 9110 9412 9497 9628 9833 9844 9923
16 7584 7609 7704 8017 8118 8130 8421 8500 8620 8783 8974 9093 9127 9651 9845 9935
16 7590 7613 7918 8027 8261 8439 8462 8609 8646 8812 8874 9126 9173 9664 9750 9959
15 7633 7639 7708 8026 8120 8273 8526 8673 8793 8904 9254 9281 9502 9809 9996
16 7642 7946 8073 8282 8445 8575 8594 8679 8741 8840 9153 9260 9368 9575 9677 9906
15 7643 7662 7781 7984 8080 8324 8471 8634 8718 8828 8876 9178 9363 9482 9855
17 7653 7735 7855 8125 8134 8327 8530 8549 8651 8727 8790 8848 8993 9203 9375 9529 9703
15 7674 7760 8121 8143 8438 8540 8584 8711 8737 8911 9006 9376 9500 9593 9704
18 7678 7794 8152 8170 8286 8464 8613 8615 8663 8726 8791 8914 9220 9270 9274 9420 9526 9728
17 7759 7782 7822 8128 8166 8356 8547 8681 8746 8831 8873 9044 9149 9308 9317 9545 9821
15 7828 8177 8227 8297 8503 8624 8693 8754 8897 8920 9059 9231 9442 9548 9654
14 7833 7883 8183 8386 8400 8697 8756 8968 9078 9084 9314 9562 9689 9780
16 7849 7901 8205 8399 8431 8625 8699 8701 8798 9107 9186 9267 9634 9720 9793 9871
14 7851 7914 8039 8366 8434 8481 8714 8834 9133 9289 9339 9690 9760 9862
14 7937 8207 8415 8566 8751 8765 8865 8913 9172 9240 9327 9771 9815 9857
